<?xml version="1.0" encoding="UTF-8"?>
<!-- Generated by org.testng.reporters.JUnitXMLReporter -->
<testsuite hostname="tyagiji" ignored="0" name="Test" tests="3" failures="0" timestamp="17 Jan 2019 13:37:51 GMT" time="0.06" errors="0">
  <testcase name="ankit" time="0.01" classname="jenkinsproject_package.JenkinsTestng"/>
  <testcase name="diplay" time="0.0" classname="jenkinsproject_package.JenkinsTestng"/>
  <testcase name="variable" time="0.0" classname="jenkinsproject_package.JenkinsTestng"/>
</testsuite> <!-- Test -->
